2025-03-22 15:15:37,319 - INFO - Scan earnings for 2025-03-22
2025-03-22 15:15:37,684 - INFO - Filtered out 0 OTC tickers.
2025-03-22 15:15:57,465 - INFO - Scan earnings for 2025-03-21
2025-03-22 15:15:57,621 - INFO - Filtered out 9 OTC tickers.
2025-03-22 15:15:59,464 - WARNING - No data returned for CUK.
2025-03-22 15:15:59,464 - WARNING - No data returned for CCL.
2025-03-22 15:15:59,464 - WARNING - No data returned for NIO.
2025-03-22 15:15:59,464 - WARNING - No data returned for CIG.
2025-03-22 15:15:59,464 - WARNING - No data returned for CIGc.
2025-03-22 15:15:59,464 - WARNING - No data returned for MNSO.
2025-03-22 15:15:59,464 - WARNING - No data returned for FUPBY.
2025-03-22 15:15:59,464 - WARNING - No data returned for CMRX.
2025-03-22 15:15:59,464 - WARNING - No data returned for HUMA.
2025-03-22 15:15:59,464 - WARNING - No data returned for CRGX.
2025-03-22 15:16:01,649 - WARNING - No data for CIGc; skipping.
2025-03-22 15:16:03,174 - INFO - [SKIP] Ticker 'FUPBY' is OTC (exchange='PNK').
2025-03-22 15:16:03,825 - WARNING - No data returned for NEON.
2025-03-22 15:16:03,826 - WARNING - No data returned for LGO.
2025-03-22 15:16:03,826 - WARNING - No data returned for HLVX.
2025-03-22 15:16:03,826 - WARNING - No data returned for STG.
2025-03-22 15:16:03,826 - WARNING - No data returned for ANVS.
2025-03-22 15:16:03,826 - WARNING - No data returned for FLUX.
2025-03-22 15:16:03,826 - WARNING - No data returned for PULM.
2025-03-22 15:16:03,826 - WARNING - No data returned for JVA.
2025-03-22 15:16:03,826 - WARNING - No data returned for SOWG.
2025-03-22 15:18:26,074 - WARNING - No data returned for AAPL.
2025-03-22 15:18:58,287 - WARNING - No data returned for NVDA.
2025-03-22 15:19:18,683 - WARNING - No data returned for RHHBY.
